<?xml version="1.0" encoding="UTF-8"?>
<!-- Generated by org.testng.reporters.JUnitReportReporter -->
<testsuite skipped="0" hostname="DESKTOP-KBG4N8A" name="org.test.TngTask3a" tests="4" failures="0" timestamp="2022-07-27T15:23:16 IST" time="86.512" errors="0">
  <testcase name="tc3" time="28.373" classname="org.test.TngTask3a"/>
  <system-out/>
  <testcase name="tc3" time="21.300" classname="org.test.TngTask3a"/>
  <system-out/>
  <testcase name="tc3" time="15.266" classname="org.test.TngTask3a"/>
  <system-out/>
  <testcase name="tc3" time="21.573" classname="org.test.TngTask3a"/>
  <system-out/>
</testsuite> <!-- org.test.TngTask3a -->
