<?xml version="1.0" encoding="UTF-8"?>
<!-- Generated by org.testng.reporters.JUnitReportReporter -->
<testsuite skipped="1" hostname="DESKTOP-KBG4N8A" name="org.test.TngTask2b" tests="4" failures="0" timestamp="2022-08-01T16:37:12 IST" time="0.009" errors="0">
  <testcase name="tc14" time="0.005" classname="org.test.TngTask2b"/>
  <system-out/>
  <testcase name="tc21" time="0.003" classname="org.test.TngTask2b"/>
  <system-out/>
  <testcase name="tc12" time="0.001" classname="org.test.TngTask2b"/>
  <system-out/>
  <testcase name="tc13" classname="org.test.TngTask2b">
    <skipped/>
  </testcase> <!-- tc13 -->
  <system-out/>
</testsuite> <!-- org.test.TngTask2b -->
