<?xml version="1.0" encoding="UTF-8"?>
<!-- Generated by org.testng.reporters.JUnitReportReporter -->
<testsuite skipped="1" hostname="DESKTOP-KBG4N8A" name="org.test.TngTask2" tests="7" failures="0" timestamp="2022-08-01T16:37:12 IST" time="0.036" errors="0">
  <testcase name="tc3" time="0.012" classname="org.test.TngTask2"/>
  <system-out/>
  <testcase name="tc4" time="0.002" classname="org.test.TngTask2"/>
  <system-out/>
  <testcase name="tc2" time="0.001" classname="org.test.TngTask2"/>
  <system-out/>
  <testcase name="tc5" time="0.006" classname="org.test.TngTask2"/>
  <system-out/>
  <testcase name="tc5" time="0.007" classname="org.test.TngTask2"/>
  <system-out/>
  <testcase name="tc1" time="0.008" classname="org.test.TngTask2"/>
  <system-out/>
  <testcase name="tc6" classname="org.test.TngTask2">
    <skipped/>
  </testcase> <!-- tc6 -->
  <system-out/>
</testsuite> <!-- org.test.TngTask2 -->
