<?xml version="1.0" encoding="UTF-8"?>
<!-- Generated by org.testng.reporters.JUnitReportReporter -->
<testsuite skipped="0" hostname="DESKTOP-KBG4N8A" name="org.test.TngTask5a" tests="2" failures="0" timestamp="2022-07-28T10:49:59 IST" time="0.007" errors="0">
  <testcase name="tc13" time="0.006" classname="org.test.TngTask5a"/>
  <system-out/>
  <testcase name="tc12" time="0.001" classname="org.test.TngTask5a"/>
  <system-out/>
</testsuite> <!-- org.test.TngTask5a -->
