<?xml version="1.0" encoding="UTF-8"?>
<!-- Generated by org.testng.reporters.JUnitReportReporter -->
<testsuite hostname="DESKTOP-KBG4N8A" failures="0" tests="5" name="org.test.TngTask2a" time="0.022" errors="0" timestamp="2022-11-29T20:12:17 IST" skipped="0">
  <testcase classname="org.test.TngTask2a" name="tc13" time="0.013"/>
  <system-out/>
  <testcase classname="org.test.TngTask2a" name="tc14" time="0.002"/>
  <system-out/>
  <testcase classname="org.test.TngTask2a" name="tc14" time="0.004"/>
  <system-out/>
  <testcase classname="org.test.TngTask2a" name="tc11" time="0.001"/>
  <system-out/>
  <testcase classname="org.test.TngTask2a" name="tc12" time="0.002"/>
  <system-out/>
</testsuite> <!-- org.test.TngTask2a -->
