<?xml version="1.0" encoding="UTF-8"?>
<!-- Generated by org.testng.reporters.JUnitReportReporter -->
<testsuite skipped="0" hostname="DESKTOP-KBG4N8A" name="org.test.TngTask8" tests="3" failures="0" timestamp="2022-08-01T17:17:24 IST" time="560.183" errors="0">
  <testcase name="tc1" time="239.905" classname="org.test.TngTask8"/>
  <system-out/>
  <testcase name="tc1" time="188.498" classname="org.test.TngTask8"/>
  <system-out/>
  <testcase name="tc1" time="131.780" classname="org.test.TngTask8"/>
  <system-out/>
</testsuite> <!-- org.test.TngTask8 -->
