<?xml version="1.0" encoding="UTF-8"?>
<!-- Generated by org.testng.reporters.JUnitReportReporter -->
<testsuite skipped="0" hostname="DESKTOP-KBG4N8A" name="org.test.TngTask3" tests="6" failures="0" timestamp="2022-07-26T22:24:55 IST" time="60.051" errors="0">
  <testcase name="tc1" time="23.034" classname="org.test.TngTask3"/>
  <system-out/>
  <testcase name="tc2" time="26.882" classname="org.test.TngTask3"/>
  <system-out/>
  <testcase name="tc3" time="1.019" classname="org.test.TngTask3"/>
  <system-out/>
  <testcase name="tc3" time="0.910" classname="org.test.TngTask3"/>
  <system-out/>
  <testcase name="tc3" time="7.384" classname="org.test.TngTask3"/>
  <system-out/>
  <testcase name="tc3" time="0.822" classname="org.test.TngTask3"/>
  <system-out/>
</testsuite> <!-- org.test.TngTask3 -->
