<?xml version="1.0" encoding="UTF-8"?>
<!-- Generated by org.testng.reporters.JUnitReportReporter -->
<testsuite skipped="1" hostname="DESKTOP-KBG4N8A" name="org.test.TngTasks" tests="5" failures="0" timestamp="2022-07-21T10:19:56 IST" time="0.014" errors="0">
  <testcase name="tc1" time="0.006" classname="org.test.TngTasks"/>
  <system-out/>
  <testcase name="tc2" time="0.003" classname="org.test.TngTasks"/>
  <system-out/>
  <testcase name="tc1" time="0.002" classname="org.test.TngTasks"/>
  <system-out/>
  <testcase name="tc1" time="0.003" classname="org.test.TngTasks"/>
  <system-out/>
  <testcase name="tc3" classname="org.test.TngTasks">
    <skipped/>
  </testcase> <!-- tc3 -->
  <system-out/>
</testsuite> <!-- org.test.TngTasks -->
