<?xml version="1.0" encoding="UTF-8"?>
<!-- Generated by org.testng.reporters.JUnitReportReporter -->
<testsuite skipped="0" hostname="DESKTOP-KBG4N8A" name="org.test.TngTask5" tests="2" failures="0" timestamp="2022-07-28T10:49:59 IST" time="0.010" errors="0">
  <testcase name="tc1" time="0.009" classname="org.test.TngTask5"/>
  <system-out/>
  <testcase name="tc3" time="0.001" classname="org.test.TngTask5"/>
  <system-out/>
</testsuite> <!-- org.test.TngTask5 -->
