<?xml version="1.0" encoding="UTF-8"?>
<!-- Generated by org.testng.reporters.JUnitReportReporter -->
<testsuite skipped="0" hostname="DESKTOP-KBG4N8A" name="org.test.TngTask5b" tests="3" failures="0" timestamp="2022-07-28T10:49:59 IST" time="0.009" errors="0">
  <testcase name="tc21" time="0.003" classname="org.test.TngTask5b"/>
  <system-out/>
  <testcase name="tc22" time="0.004" classname="org.test.TngTask5b"/>
  <system-out/>
  <testcase name="tc24" time="0.002" classname="org.test.TngTask5b"/>
  <system-out/>
</testsuite> <!-- org.test.TngTask5b -->
