<?xml version="1.0" encoding="UTF-8"?>
<!-- Generated by org.testng.reporters.JUnitReportReporter -->
<testsuite skipped="0" hostname="DESKTOP-KBG4N8A" name="org.test.TngTask6a" tests="3" failures="0" timestamp="2022-07-29T13:46:39 IST" time="121.001" errors="0">
  <testcase name="tc12" time="63.403" classname="org.test.TngTask6a"/>
  <system-out/>
  <testcase name="tc13" time="34.672" classname="org.test.TngTask6a"/>
  <system-out/>
  <testcase name="tc11" time="22.926" classname="org.test.TngTask6a"/>
  <system-out/>
</testsuite> <!-- org.test.TngTask6a -->
