<?xml version="1.0" encoding="UTF-8"?>
<!-- Generated by org.testng.reporters.JUnitReportReporter -->
<testsuite skipped="0" hostname="DESKTOP-KBG4N8A" name="org.test.TestngParam" tests="3" failures="0" timestamp="2022-07-26T22:18:48 IST" time="79.973" errors="0">
  <testcase name="tc1" time="46.548" classname="org.test.TestngParam"/>
  <system-out/>
  <testcase name="tc3" time="8.658" classname="org.test.TestngParam"/>
  <system-out/>
  <testcase name="tc2" time="24.767" classname="org.test.TestngParam"/>
  <system-out/>
</testsuite> <!-- org.test.TestngParam -->
